[debug] [2020-01-17T08:36:35.533Z] ----------------------------------------------------------------------
[debug] [2020-01-17T08:36:35.535Z] Command:       /usr/local/Cellar/node/11.11.0/bin/node /usr/local/bin/firebase deploy
[debug] [2020-01-17T08:36:35.535Z] CLI Version:   7.12.0
[debug] [2020-01-17T08:36:35.535Z] Platform:      darwin
[debug] [2020-01-17T08:36:35.535Z] Node Version:  v10.16.3
[debug] [2020-01-17T08:36:35.536Z] Time:          Fri Jan 17 2020 02:36:35 GMT-0600 (Central Standard Time)
[debug] [2020-01-17T08:36:35.536Z] ----------------------------------------------------------------------
[debug] [2020-01-17T08:36:35.536Z] 
[debug] [2020-01-17T08:36:35.546Z] > command requires scopes: ["email","openid","https://www.googleapis.com/auth/cloudplatformprojects.readonly","https://www.googleapis.com/auth/firebase","https://www.googleapis.com/auth/cloud-platform"]
[debug] [2020-01-17T08:36:35.547Z] > authorizing via signed-in user
[debug] [2020-01-17T08:36:35.547Z] [iam] checking project calendariofree for permissions ["firebase.projects.get","firebasedatabase.instances.update","firebasehosting.sites.update","firebaserules.releases.create","firebaserules.releases.update","firebaserules.rulesets.create"]
[debug] [2020-01-17T08:36:35.548Z] >>> HTTP REQUEST POST https://cloudresourcemanager.googleapis.com/v1/projects/calendariofree:testIamPermissions  

[debug] [2020-01-17T08:36:35.908Z] <<< HTTP RESPONSE 200
[debug] [2020-01-17T08:36:35.912Z] >>> HTTP REQUEST GET https://firebase.googleapis.com/v1beta1/projects/calendariofree  
 
[debug] [2020-01-17T08:36:36.370Z] <<< HTTP RESPONSE 200
[info] 
[info] === Deploying to 'calendariofree'...
[info] 
[info] i  deploying database, storage, hosting
[info] i  database: checking rules syntax...
[debug] [2020-01-17T08:36:36.386Z] >>> HTTP REQUEST PUT https://calendariofree.firebaseio.com/.settings/rules.json?dryRun=true  
 {
  "rules": {
    ".read": true,
    ".write": true
  }
}
[debug] [2020-01-17T08:36:36.882Z] <<< HTTP RESPONSE 200
[info] ✔  database: rules syntax for database calendariofree is valid
[debug] [2020-01-17T08:36:36.883Z] >>> HTTP REQUEST GET https://appengine.googleapis.com/v1/apps/calendariofree  
 
[debug] [2020-01-17T08:36:37.493Z] <<< HTTP RESPONSE 200
[info] i  firebase.storage: checking storage.rules for compilation errors...
[debug] [2020-01-17T08:36:37.496Z] >>> HTTP REQUEST POST https://firebaserules.googleapis.com/v1/projects/calendariofree:test  

[debug] [2020-01-17T08:36:37.751Z] <<< HTTP RESPONSE 200
[info] ✔  firebase.storage: rules file storage.rules compiled successfully
[debug] [2020-01-17T08:36:37.752Z] >>> HTTP REQUEST POST https://firebasehosting.googleapis.com/v1beta1/sites/calendariofree/versions  

[debug] [2020-01-17T08:36:38.626Z] <<< HTTP RESPONSE 200
[debug] [2020-01-17T08:36:38.627Z] >>> HTTP REQUEST GET https://firebaserules.googleapis.com/v1/projects/calendariofree/releases?pageSize=10&pageToken=  
 
[debug] [2020-01-17T08:36:38.831Z] <<< HTTP RESPONSE 200
[debug] [2020-01-17T08:36:38.833Z] >>> HTTP REQUEST GET https://firebaserules.googleapis.com/v1/projects/calendariofree/rulesets/e504488f-1d40-4d0a-9fa2-e1822ad6cd12  
 
[debug] [2020-01-17T08:36:39.001Z] <<< HTTP RESPONSE 200
[info] i  storage: latest version of storage.rules already up to date, skipping upload...
[info] i  hosting[calendariofree]: beginning deploy...
[info] i  hosting[calendariofree]: found 363 files in ./
[debug] [2020-01-17T08:36:40.722Z] [hosting] hash cache [] stored for 363 files
[debug] [2020-01-17T08:36:40.722Z] [hosting][hash queue][FINAL]
[debug] [2020-01-17T08:36:40.722Z] >>> HTTP REQUEST POST https://firebasehosting.googleapis.com/v1beta1/sites/calendariofree/versions/78544b261c91fa2c:populateFiles  
 <request body omitted>
